0 info it worked if it ends with ok
1 verbose cli [ 'node', '/usr/local/bin/npm', 'install' ]
2 info using npm@1.4.28
3 info using node@v0.10.33
4 warn package.json foxrey@0.0.0 No repository field.
5 verbose readDependencies using package.json deps
6 verbose install where, deps [ '/Users/anton/web/foxrey',
6 verbose install   [ 'express',
6 verbose install     'body-parser',
6 verbose install     'gulp',
6 verbose install     'gulp-autoprefixer',
6 verbose install     'gulp-angular-templatecache',
6 verbose install     'del',
6 verbose install     'gulp-consolidate',
6 verbose install     'gulp-csso',
6 verbose install     'gulp-filter',
6 verbose install     'gulp-flatten',
6 verbose install     'gulp-jshint',
6 verbose install     'gulp-load-plugins',
6 verbose install     'gulp-size',
6 verbose install     'gulp-uglify',
6 verbose install     'gulp-useref',
6 verbose install     'gulp-ng-annotate',
6 verbose install     'gulp-replace',
6 verbose install     'gulp-rename',
6 verbose install     'gulp-rev',
6 verbose install     'gulp-rev-replace',
6 verbose install     'gulp-minify-html',
6 verbose install     'gulp-inject',
6 verbose install     'gulp-protractor',
6 verbose install     'gulp-karma',
6 verbose install     'gulp-sass',
6 verbose install     'gulp-coffee',
6 verbose install     'gulp-angular-filesort',
6 verbose install     'gulp-coffeelint',
6 verbose install     'main-bower-files',
6 verbose install     'jshint-stylish',
6 verbose install     'wiredep',
6 verbose install     'connect-modrewrite',
6 verbose install     'karma-jasmine',
6 verbose install     'karma-phantomjs-launcher',
6 verbose install     'require-dir',
6 verbose install     'browser-sync',
6 verbose install     'http-proxy',
6 verbose install     'chalk',
6 verbose install     'protractor',
6 verbose install     'uglify-save-license' ] ]
7 info preinstall foxrey@0.0.0
8 verbose readDependencies using package.json deps
9 verbose already installed skipping express@3.0.4 /Users/anton/web/foxrey
10 verbose cache add [ 'body-parser@1.12.0', null ]
11 verbose cache add name=undefined spec="body-parser@1.12.0" args=["body-parser@1.12.0",null]
12 verbose parsed url { protocol: null,
12 verbose parsed url   slashes: null,
12 verbose parsed url   auth: null,
12 verbose parsed url   host: null,
12 verbose parsed url   port: null,
12 verbose parsed url   hostname: null,
12 verbose parsed url   hash: null,
12 verbose parsed url   search: null,
12 verbose parsed url   query: null,
12 verbose parsed url   pathname: 'body-parser@1.12.0',
12 verbose parsed url   path: 'body-parser@1.12.0',
12 verbose parsed url   href: 'body-parser@1.12.0' }
13 verbose already installed skipping gulp@~3.8.10 /Users/anton/web/foxrey
14 verbose already installed skipping gulp-autoprefixer@~2.0.0 /Users/anton/web/foxrey
15 verbose already installed skipping gulp-angular-templatecache@~1.4.2 /Users/anton/web/foxrey
16 verbose cache add name="body-parser" spec="1.12.0" args=["body-parser","1.12.0"]
17 verbose parsed url { protocol: null,
17 verbose parsed url   slashes: null,
17 verbose parsed url   auth: null,
17 verbose parsed url   host: null,
17 verbose parsed url   port: null,
17 verbose parsed url   hostname: null,
17 verbose parsed url   hash: null,
17 verbose parsed url   search: null,
17 verbose parsed url   query: null,
17 verbose parsed url   pathname: '1.12.0',
17 verbose parsed url   path: '1.12.0',
17 verbose parsed url   href: '1.12.0' }
18 verbose addNamed [ 'body-parser', '1.12.0' ]
19 verbose addNamed [ '1.12.0', '1.12.0' ]
20 verbose already installed skipping del@~0.1.3 /Users/anton/web/foxrey
21 silly lockFile 6c41bb2b-body-parser-1-12-0 body-parser@1.12.0
22 verbose lock body-parser@1.12.0 /Users/anton/.npm/6c41bb2b-body-parser-1-12-0.lock
23 verbose already installed skipping gulp-consolidate@~0.1.2 /Users/anton/web/foxrey
24 verbose already installed skipping gulp-csso@~0.2.9 /Users/anton/web/foxrey
25 verbose already installed skipping gulp-filter@~1.0.2 /Users/anton/web/foxrey
26 verbose already installed skipping gulp-flatten@~0.0.4 /Users/anton/web/foxrey
27 verbose request where is /body-parser
28 verbose request registry https://registry.npmjs.org/
29 verbose request id dc60d6152d873b86
30 verbose url raw /body-parser
31 verbose url resolving [ 'https://registry.npmjs.org/', './body-parser' ]
32 verbose url resolved https://registry.npmjs.org/body-parser
33 verbose request where is https://registry.npmjs.org/body-parser
34 info trying registry request attempt 1 at 19:34:04
35 verbose etag "4U91Q41SKBMFLBLVZNJ3AS7F8"
36 http GET https://registry.npmjs.org/body-parser
37 verbose already installed skipping gulp-jshint@~1.9.0 /Users/anton/web/foxrey
38 verbose already installed skipping gulp-load-plugins@~0.7.1 /Users/anton/web/foxrey
39 verbose already installed skipping gulp-size@~1.1.0 /Users/anton/web/foxrey
40 verbose already installed skipping gulp-uglify@~1.0.1 /Users/anton/web/foxrey
41 verbose already installed skipping gulp-useref@~1.0.2 /Users/anton/web/foxrey
42 verbose already installed skipping gulp-ng-annotate@~0.3.6 /Users/anton/web/foxrey
43 verbose already installed skipping gulp-replace@~0.5.0 /Users/anton/web/foxrey
44 verbose already installed skipping gulp-rename@~1.2.0 /Users/anton/web/foxrey
45 verbose already installed skipping gulp-rev@~2.0.1 /Users/anton/web/foxrey
46 verbose already installed skipping gulp-rev-replace@~0.3.1 /Users/anton/web/foxrey
47 verbose already installed skipping gulp-minify-html@~0.1.7 /Users/anton/web/foxrey
48 verbose already installed skipping gulp-inject@~1.0.2 /Users/anton/web/foxrey
49 verbose already installed skipping gulp-protractor@~0.0.11 /Users/anton/web/foxrey
50 verbose already installed skipping gulp-karma@~0.0.4 /Users/anton/web/foxrey
51 verbose already installed skipping gulp-sass@~1.1.0 /Users/anton/web/foxrey
52 verbose already installed skipping gulp-coffee@~2.2.0 /Users/anton/web/foxrey
53 verbose already installed skipping gulp-angular-filesort@~1.0.4 /Users/anton/web/foxrey
54 verbose already installed skipping gulp-coffeelint@~0.4.0 /Users/anton/web/foxrey
55 verbose already installed skipping main-bower-files@~2.4.0 /Users/anton/web/foxrey
56 verbose already installed skipping jshint-stylish@~1.0.0 /Users/anton/web/foxrey
57 verbose already installed skipping wiredep@~2.2.0 /Users/anton/web/foxrey
58 verbose already installed skipping connect-modrewrite@~0.7.11 /Users/anton/web/foxrey
59 verbose already installed skipping karma-jasmine@~0.3.1 /Users/anton/web/foxrey
60 verbose already installed skipping karma-phantomjs-launcher@~0.1.4 /Users/anton/web/foxrey
61 verbose already installed skipping require-dir@~0.1.0 /Users/anton/web/foxrey
62 verbose already installed skipping browser-sync@~1.7.1 /Users/anton/web/foxrey
63 verbose already installed skipping http-proxy@~1.7.0 /Users/anton/web/foxrey
64 verbose already installed skipping chalk@~0.5.1 /Users/anton/web/foxrey
65 verbose already installed skipping protractor@~1.4.0 /Users/anton/web/foxrey
66 verbose already installed skipping uglify-save-license@~0.4.1 /Users/anton/web/foxrey
67 http 304 https://registry.npmjs.org/body-parser
68 silly registry.get cb [ 304,
68 silly registry.get   { date: 'Sat, 28 Feb 2015 16:34:04 GMT',
68 silly registry.get     server: 'Apache',
68 silly registry.get     via: '1.1 varnish',
68 silly registry.get     'last-modified': 'Sat, 28 Feb 2015 16:34:04 GMT',
68 silly registry.get     'cache-control': 'max-age=60',
68 silly registry.get     etag: '"4U91Q41SKBMFLBLVZNJ3AS7F8"',
68 silly registry.get     age: '15',
68 silly registry.get     'x-served-by': 'cache-fra1250-FRA',
68 silly registry.get     'x-cache': 'HIT',
68 silly registry.get     'x-cache-hits': '1',
68 silly registry.get     'x-timer': 'S1425141244.651376,VS0,VE0',
68 silly registry.get     vary: 'Accept',
68 silly registry.get     'content-length': '0',
68 silly registry.get     'keep-alive': 'timeout=10, max=50',
68 silly registry.get     connection: 'Keep-Alive' } ]
69 verbose etag https://registry.npmjs.org/body-parser from cache
70 silly lockFile 361bacb6-dy-parser-body-parser-1-12-0-tgz https://registry.npmjs.org/body-parser/-/body-parser-1.12.0.tgz
71 verbose lock https://registry.npmjs.org/body-parser/-/body-parser-1.12.0.tgz /Users/anton/.npm/361bacb6-dy-parser-body-parser-1-12-0-tgz.lock
72 verbose addRemoteTarball [ 'https://registry.npmjs.org/body-parser/-/body-parser-1.12.0.tgz',
72 verbose addRemoteTarball   '9750fc3cc1080b34a13d18c79840cd559979fce5' ]
73 info retry fetch attempt 1 at 19:34:05
74 verbose fetch to= /var/folders/ph/2yz4qpbn4wq0838gytw9hl7r0000gn/T/npm-16957-0hGV6YVJ/registry.npmjs.org/body-parser/-/body-parser-1.12.0.tgz
75 http GET https://registry.npmjs.org/body-parser/-/body-parser-1.12.0.tgz
76 http 200 https://registry.npmjs.org/body-parser/-/body-parser-1.12.0.tgz
77 silly lockFile 361bacb6-dy-parser-body-parser-1-12-0-tgz https://registry.npmjs.org/body-parser/-/body-parser-1.12.0.tgz
78 silly lockFile 361bacb6-dy-parser-body-parser-1-12-0-tgz https://registry.npmjs.org/body-parser/-/body-parser-1.12.0.tgz
79 silly lockFile 6c41bb2b-body-parser-1-12-0 body-parser@1.12.0
80 silly lockFile 6c41bb2b-body-parser-1-12-0 body-parser@1.12.0
81 error Error: EACCES, mkdir '/Users/anton/.npm/body-parser/1.12.0'
81 error  { [Error: EACCES, mkdir '/Users/anton/.npm/body-parser/1.12.0']
81 error   errno: 3,
81 error   code: 'EACCES',
81 error   path: '/Users/anton/.npm/body-parser/1.12.0',
81 error   parent: 'foxrey' }
82 error Please try running this command again as root/Administrator.
83 error System Darwin 14.1.0
84 error command "node" "/usr/local/bin/npm" "install"
85 error cwd /Users/anton/web/foxrey
86 error node -v v0.10.33
87 error npm -v 1.4.28
88 error path /Users/anton/.npm/body-parser/1.12.0
89 error code EACCES
90 error errno 3
91 error stack Error: EACCES, mkdir '/Users/anton/.npm/body-parser/1.12.0'
92 verbose exit [ 3, true ]
